<?xml version="1.0" encoding="UTF-8"?>
<coverage generated="1741027092720" clover="3.2.0">
  <project timestamp="1741027092720" name="All files">
    <metrics statements="30" coveredstatements="30" conditionals="12" coveredconditionals="12" methods="10" coveredmethods="10" elements="52" coveredelements="52" complexity="0" loc="30" ncloc="30" packages="6" files="9" classes="9"/>
    <package name="src.components.Breadcrumbs">
      <metrics statements="10" coveredstatements="10" conditionals="8" coveredconditionals="8" methods="4" coveredmethods="4"/>
      <file name="Breadcrumbs.jsx" path="C:\Users\gonzalo.perez\OneDrive - Asenjo-Montenegro Vigo Soluciones SL\Desktop\front-end-test\src\components\Breadcrumbs\Breadcrumbs.jsx">
        <metrics statements="9" coveredstatements="9" conditionals="8" coveredconditionals="8" methods="4" coveredmethods="4"/>
        <line num="7" count="1" type="stmt"/>
        <line num="9" count="3" type="stmt"/>
        <line num="10" count="3" type="stmt"/>
        <line num="11" count="3" type="stmt"/>
        <line num="13" count="6" type="stmt"/>
        <line num="15" count="3" type="stmt"/>
        <line num="30" count="3" type="stmt"/>
        <line num="35" count="6" type="cond" truecount="2" falsecount="0"/>
        <line num="39" count="1" type="stmt"/>
      </file>
      <file name="styles.js" path="C:\Users\gonzalo.perez\OneDrive - Asenjo-Montenegro Vigo Soluciones SL\Desktop\front-end-test\src\components\Breadcrumbs\styles.js">
        <metrics statements="1" coveredstatements="1" conditionals="0" coveredconditionals="0" methods="0" coveredmethods="0"/>
        <line num="1" count="1" type="stmt"/>
      </file>
    </package>
    <package name="src.components.Header">
      <metrics statements="6" coveredstatements="6" conditionals="0" coveredconditionals="0" methods="2" coveredmethods="2"/>
      <file name="Header.jsx" path="C:\Users\gonzalo.perez\OneDrive - Asenjo-Montenegro Vigo Soluciones SL\Desktop\front-end-test\src\components\Header\Header.jsx">
        <metrics statements="5" coveredstatements="5" conditionals="0" coveredconditionals="0" methods="2" coveredmethods="2"/>
        <line num="8" count="1" type="stmt"/>
        <line num="10" count="4" type="stmt"/>
        <line num="12" count="4" type="stmt"/>
        <line num="14" count="4" type="stmt"/>
        <line num="16" count="4" type="stmt"/>
      </file>
      <file name="styles.js" path="C:\Users\gonzalo.perez\OneDrive - Asenjo-Montenegro Vigo Soluciones SL\Desktop\front-end-test\src\components\Header\styles.js">
        <metrics statements="1" coveredstatements="1" conditionals="0" coveredconditionals="0" methods="0" coveredmethods="0"/>
        <line num="1" count="1" type="stmt"/>
      </file>
    </package>
    <package name="src.context.Cart">
      <metrics statements="4" coveredstatements="4" conditionals="0" coveredconditionals="0" methods="1" coveredmethods="1"/>
      <file name="CartContext.js" path="C:\Users\gonzalo.perez\OneDrive - Asenjo-Montenegro Vigo Soluciones SL\Desktop\front-end-test\src\context\Cart\CartContext.js">
        <metrics statements="1" coveredstatements="1" conditionals="0" coveredconditionals="0" methods="0" coveredmethods="0"/>
        <line num="3" count="2" type="stmt"/>
      </file>
      <file name="CartContextProvider.jsx" path="C:\Users\gonzalo.perez\OneDrive - Asenjo-Montenegro Vigo Soluciones SL\Desktop\front-end-test\src\context\Cart\CartContextProvider.jsx">
        <metrics statements="3" coveredstatements="3" conditionals="0" coveredconditionals="0" methods="1" coveredmethods="1"/>
        <line num="4" count="1" type="stmt"/>
        <line num="6" count="3" type="stmt"/>
        <line num="8" count="3" type="stmt"/>
      </file>
    </package>
    <package name="src.hooks">
      <metrics statements="5" coveredstatements="5" conditionals="2" coveredconditionals="2" methods="1" coveredmethods="1"/>
      <file name="useCartContext.js" path="C:\Users\gonzalo.perez\OneDrive - Asenjo-Montenegro Vigo Soluciones SL\Desktop\front-end-test\src\hooks\useCartContext.js">
        <metrics statements="5" coveredstatements="5" conditionals="2" coveredconditionals="2" methods="1" coveredmethods="1"/>
        <line num="4" count="2" type="stmt"/>
        <line num="5" count="7" type="stmt"/>
        <line num="6" count="6" type="cond" truecount="2" falsecount="0"/>
        <line num="7" count="2" type="stmt"/>
        <line num="9" count="4" type="stmt"/>
      </file>
    </package>
    <package name="src.utils">
      <metrics statements="4" coveredstatements="4" conditionals="2" coveredconditionals="2" methods="2" coveredmethods="2"/>
      <file name="capitalizeWords.js" path="C:\Users\gonzalo.perez\OneDrive - Asenjo-Montenegro Vigo Soluciones SL\Desktop\front-end-test\src\utils\capitalizeWords.js">
        <metrics statements="4" coveredstatements="4" conditionals="2" coveredconditionals="2" methods="2" coveredmethods="2"/>
        <line num="1" count="1" type="stmt"/>
        <line num="2" count="3" type="cond" truecount="2" falsecount="0"/>
        <line num="3" count="2" type="stmt"/>
        <line num="6" count="4" type="stmt"/>
      </file>
    </package>
    <package name="tests.mocks">
      <metrics statements="1" coveredstatements="1" conditionals="0" coveredconditionals="0" methods="0" coveredmethods="0"/>
      <file name="fileMock.cjs" path="C:\Users\gonzalo.perez\OneDrive - Asenjo-Montenegro Vigo Soluciones SL\Desktop\front-end-test\tests\mocks\fileMock.cjs">
        <metrics statements="1" coveredstatements="1" conditionals="0" coveredconditionals="0" methods="0" coveredmethods="0"/>
        <line num="1" count="1" type="stmt"/>
      </file>
    </package>
  </project>
</coverage>
