{"C:\\Users\\gonzalo.perez\\OneDrive - Asenjo-Montenegro Vigo Soluciones SL\\Desktop\\front-end-test\\src\\components\\Breadcrumbs\\Breadcrumbs.jsx": {"path":"C:\\Users\\gonzalo.perez\\OneDrive - Asenjo-Montenegro Vigo Soluciones SL\\Desktop\\front-end-test\\src\\components\\Breadcrumbs\\Breadcrumbs.jsx","statementMap":{"0":{"start":{"line":7,"column":27},"end":{"line":51,"column":1}},"1":{"start":{"line":9,"column":37},"end":{"line":9,"column":48}},"2":{"start":{"line":10,"column":21},"end":{"line":10,"column":34}},"3":{"start":{"line":11,"column":21},"end":{"line":11,"column":34}},"4":{"start":{"line":13,"column":31},"end":{"line":13,"column":67}},"5":{"start":{"line":13,"column":41},"end":{"line":13,"column":67}},"6":{"start":{"line":15,"column":24},"end":{"line":28,"column":5}},"7":{"start":{"line":30,"column":4},"end":{"line":50,"column":5}},"8":{"start":{"line":35,"column":45},"end":{"line":47,"column":29}},"9":{"start":{"line":39,"column":35},"end":{"line":39,"column":60}}},"fnMap":{"0":{"name":"(anonymous_0)","decl":{"start":{"line":7,"column":27},"end":{"line":7,"column":28}},"loc":{"start":{"line":7,"column":33},"end":{"line":51,"column":1}},"line":7},"1":{"name":"(anonymous_1)","decl":{"start":{"line":13,"column":31},"end":{"line":13,"column":32}},"loc":{"start":{"line":13,"column":41},"end":{"line":13,"column":67}},"line":13},"2":{"name":"(anonymous_2)","decl":{"start":{"line":35,"column":29},"end":{"line":35,"column":30}},"loc":{"start":{"line":35,"column":45},"end":{"line":47,"column":29}},"line":35},"3":{"name":"(anonymous_3)","decl":{"start":{"line":39,"column":29},"end":{"line":39,"column":30}},"loc":{"start":{"line":39,"column":35},"end":{"line":39,"column":60}},"line":39}},"branchMap":{"0":{"loc":{"start":{"line":35,"column":45},"end":{"line":47,"column":29}},"type":"binary-expr","locations":[{"start":{"line":35,"column":45},"end":{"line":35,"column":60}},{"start":{"line":36,"column":16},"end":{"line":47,"column":29}}],"line":35},"1":{"loc":{"start":{"line":41,"column":31},"end":{"line":41,"column":76}},"type":"cond-expr","locations":[{"start":{"line":41,"column":55},"end":{"line":41,"column":64}},{"start":{"line":41,"column":67},"end":{"line":41,"column":76}}],"line":41},"2":{"loc":{"start":{"line":42,"column":32},"end":{"line":42,"column":77}},"type":"cond-expr","locations":[{"start":{"line":42,"column":56},"end":{"line":42,"column":65}},{"start":{"line":42,"column":68},"end":{"line":42,"column":77}}],"line":42},"3":{"loc":{"start":{"line":43,"column":42},"end":{"line":43,"column":87}},"type":"cond-expr","locations":[{"start":{"line":43,"column":66},"end":{"line":43,"column":75}},{"start":{"line":43,"column":78},"end":{"line":43,"column":87}}],"line":43}},"s":{"0":1,"1":3,"2":3,"3":3,"4":3,"5":6,"6":3,"7":3,"8":6,"9":1},"f":{"0":3,"1":6,"2":6,"3":1},"b":{"0":[6,5],"1":[2,3],"2":[2,3],"3":[2,3]},"_coverageSchema":"1a1c01bbd47fc00a2c39e90264f33305004495a9","hash":"a32e3319741322d375ddaab9438bedf65a77b312"}
,"C:\\Users\\gonzalo.perez\\OneDrive - Asenjo-Montenegro Vigo Soluciones SL\\Desktop\\front-end-test\\src\\components\\Breadcrumbs\\styles.js": {"path":"C:\\Users\\gonzalo.perez\\OneDrive - Asenjo-Montenegro Vigo Soluciones SL\\Desktop\\front-end-test\\src\\components\\Breadcrumbs\\styles.js","statementMap":{"0":{"start":{"line":1,"column":22},"end":{"line":7,"column":1}}},"fnMap":{},"branchMap":{},"s":{"0":1},"f":{},"b":{},"_coverageSchema":"1a1c01bbd47fc00a2c39e90264f33305004495a9","hash":"27f9554cd56832a10db737e9225672a81444e7d9"}
,"C:\\Users\\gonzalo.perez\\OneDrive - Asenjo-Montenegro Vigo Soluciones SL\\Desktop\\front-end-test\\src\\components\\Header\\Header.jsx": {"path":"C:\\Users\\gonzalo.perez\\OneDrive - Asenjo-Montenegro Vigo Soluciones SL\\Desktop\\front-end-test\\src\\components\\Header\\Header.jsx","statementMap":{"0":{"start":{"line":8,"column":22},"end":{"line":31,"column":1}},"1":{"start":{"line":10,"column":21},"end":{"line":10,"column":34}},"2":{"start":{"line":12,"column":27},"end":{"line":12,"column":43}},"3":{"start":{"line":14,"column":28},"end":{"line":14,"column":55}},"4":{"start":{"line":14,"column":34},"end":{"line":14,"column":55}},"5":{"start":{"line":16,"column":4},"end":{"line":30,"column":5}}},"fnMap":{"0":{"name":"(anonymous_0)","decl":{"start":{"line":8,"column":22},"end":{"line":8,"column":23}},"loc":{"start":{"line":8,"column":28},"end":{"line":31,"column":1}},"line":8},"1":{"name":"(anonymous_1)","decl":{"start":{"line":14,"column":28},"end":{"line":14,"column":29}},"loc":{"start":{"line":14,"column":34},"end":{"line":14,"column":55}},"line":14}},"branchMap":{},"s":{"0":1,"1":4,"2":4,"3":4,"4":1,"5":4},"f":{"0":4,"1":1},"b":{},"_coverageSchema":"1a1c01bbd47fc00a2c39e90264f33305004495a9","hash":"704b99e800259811d5a0b6a8d16ad74e8b414edc"}
,"C:\\Users\\gonzalo.perez\\OneDrive - Asenjo-Montenegro Vigo Soluciones SL\\Desktop\\front-end-test\\src\\components\\Header\\styles.js": {"path":"C:\\Users\\gonzalo.perez\\OneDrive - Asenjo-Montenegro Vigo Soluciones SL\\Desktop\\front-end-test\\src\\components\\Header\\styles.js","statementMap":{"0":{"start":{"line":1,"column":22},"end":{"line":35,"column":1}}},"fnMap":{},"branchMap":{},"s":{"0":1},"f":{},"b":{},"_coverageSchema":"1a1c01bbd47fc00a2c39e90264f33305004495a9","hash":"7978166f4e3635da0b1f45724f791113b23a2133"}
,"C:\\Users\\gonzalo.perez\\OneDrive - Asenjo-Montenegro Vigo Soluciones SL\\Desktop\\front-end-test\\src\\context\\Cart\\CartContext.js": {"path":"C:\\Users\\gonzalo.perez\\OneDrive - Asenjo-Montenegro Vigo Soluciones SL\\Desktop\\front-end-test\\src\\context\\Cart\\CartContext.js","statementMap":{"0":{"start":{"line":3,"column":27},"end":{"line":3,"column":42}}},"fnMap":{},"branchMap":{},"s":{"0":2},"f":{},"b":{},"_coverageSchema":"1a1c01bbd47fc00a2c39e90264f33305004495a9","hash":"84d47e2d62db2a167253a6ff60c63bca35078fc4"}
,"C:\\Users\\gonzalo.perez\\OneDrive - Asenjo-Montenegro Vigo Soluciones SL\\Desktop\\front-end-test\\src\\context\\Cart\\CartContextProvider.jsx": {"path":"C:\\Users\\gonzalo.perez\\OneDrive - Asenjo-Montenegro Vigo Soluciones SL\\Desktop\\front-end-test\\src\\context\\Cart\\CartContextProvider.jsx","statementMap":{"0":{"start":{"line":4,"column":35},"end":{"line":14,"column":1}},"1":{"start":{"line":6,"column":44},"end":{"line":6,"column":55}},"2":{"start":{"line":8,"column":4},"end":{"line":12,"column":5}}},"fnMap":{"0":{"name":"(anonymous_0)","decl":{"start":{"line":4,"column":35},"end":{"line":4,"column":36}},"loc":{"start":{"line":4,"column":53},"end":{"line":14,"column":1}},"line":4}},"branchMap":{},"s":{"0":1,"1":3,"2":3},"f":{"0":3},"b":{},"_coverageSchema":"1a1c01bbd47fc00a2c39e90264f33305004495a9","hash":"e7ea51c88e3eadf778748396d77d31f789ef41be"}
,"C:\\Users\\gonzalo.perez\\OneDrive - Asenjo-Montenegro Vigo Soluciones SL\\Desktop\\front-end-test\\src\\hooks\\useCartContext.js": {"path":"C:\\Users\\gonzalo.perez\\OneDrive - Asenjo-Montenegro Vigo Soluciones SL\\Desktop\\front-end-test\\src\\hooks\\useCartContext.js","statementMap":{"0":{"start":{"line":4,"column":30},"end":{"line":10,"column":1}},"1":{"start":{"line":5,"column":20},"end":{"line":5,"column":43}},"2":{"start":{"line":6,"column":4},"end":{"line":8,"column":5}},"3":{"start":{"line":7,"column":8},"end":{"line":7,"column":70}},"4":{"start":{"line":9,"column":4},"end":{"line":9,"column":19}}},"fnMap":{"0":{"name":"(anonymous_0)","decl":{"start":{"line":4,"column":30},"end":{"line":4,"column":31}},"loc":{"start":{"line":4,"column":36},"end":{"line":10,"column":1}},"line":4}},"branchMap":{"0":{"loc":{"start":{"line":6,"column":4},"end":{"line":8,"column":5}},"type":"if","locations":[{"start":{"line":6,"column":4},"end":{"line":8,"column":5}},{"start":{},"end":{}}],"line":6}},"s":{"0":2,"1":7,"2":6,"3":2,"4":4},"f":{"0":7},"b":{"0":[2,4]},"_coverageSchema":"1a1c01bbd47fc00a2c39e90264f33305004495a9","hash":"9550d64b169dfb6273237c2e1517c0bf706af60f"}
,"C:\\Users\\gonzalo.perez\\OneDrive - Asenjo-Montenegro Vigo Soluciones SL\\Desktop\\front-end-test\\src\\utils\\capitalizeWords.js": {"path":"C:\\Users\\gonzalo.perez\\OneDrive - Asenjo-Montenegro Vigo Soluciones SL\\Desktop\\front-end-test\\src\\utils\\capitalizeWords.js","statementMap":{"0":{"start":{"line":1,"column":31},"end":{"line":8,"column":1}},"1":{"start":{"line":2,"column":4},"end":{"line":2,"column":28}},"2":{"start":{"line":2,"column":18},"end":{"line":2,"column":28}},"3":{"start":{"line":3,"column":4},"end":{"line":7,"column":19}},"4":{"start":{"line":6,"column":21},"end":{"line":6,"column":65}}},"fnMap":{"0":{"name":"(anonymous_0)","decl":{"start":{"line":1,"column":31},"end":{"line":1,"column":32}},"loc":{"start":{"line":1,"column":45},"end":{"line":8,"column":1}},"line":1},"1":{"name":"(anonymous_1)","decl":{"start":{"line":6,"column":13},"end":{"line":6,"column":14}},"loc":{"start":{"line":6,"column":21},"end":{"line":6,"column":65}},"line":6}},"branchMap":{"0":{"loc":{"start":{"line":2,"column":4},"end":{"line":2,"column":28}},"type":"if","locations":[{"start":{"line":2,"column":4},"end":{"line":2,"column":28}},{"start":{},"end":{}}],"line":2}},"s":{"0":1,"1":3,"2":1,"3":2,"4":4},"f":{"0":3,"1":4},"b":{"0":[1,2]},"_coverageSchema":"1a1c01bbd47fc00a2c39e90264f33305004495a9","hash":"0b82490cb6de09a9d070e81b596c359a8eb79e6f"}
,"C:\\Users\\gonzalo.perez\\OneDrive - Asenjo-Montenegro Vigo Soluciones SL\\Desktop\\front-end-test\\tests\\mocks\\fileMock.cjs": {"path":"C:\\Users\\gonzalo.perez\\OneDrive - Asenjo-Montenegro Vigo Soluciones SL\\Desktop\\front-end-test\\tests\\mocks\\fileMock.cjs","statementMap":{"0":{"start":{"line":1,"column":0},"end":{"line":1,"column":34}}},"fnMap":{},"branchMap":{},"s":{"0":1},"f":{},"b":{},"inputSourceMap":null,"_coverageSchema":"1a1c01bbd47fc00a2c39e90264f33305004495a9","hash":"470348c0c209f62f4036646c307f120056667be9"}
}
