TN:
SF:src\components\Breadcrumbs\Breadcrumbs.jsx
FN:7,(anonymous_0)
FN:13,(anonymous_1)
FN:35,(anonymous_2)
FN:39,(anonymous_3)
FNF:4
FNH:4
FNDA:3,(anonymous_0)
FNDA:6,(anonymous_1)
FNDA:6,(anonymous_2)
FNDA:1,(anonymous_3)
DA:7,1
DA:9,3
DA:10,3
DA:11,3
DA:13,6
DA:15,3
DA:30,3
DA:35,6
DA:39,1
LF:9
LH:9
BRDA:35,0,0,6
BRDA:35,0,1,5
BRDA:41,1,0,2
BRDA:41,1,1,3
BRDA:42,2,0,2
BRDA:42,2,1,3
BRDA:43,3,0,2
BRDA:43,3,1,3
BRF:8
BRH:8
end_of_record
TN:
SF:src\components\Breadcrumbs\styles.js
FNF:0
FNH:0
DA:1,1
LF:1
LH:1
BRF:0
BRH:0
end_of_record
TN:
SF:src\components\Header\Header.jsx
FN:8,(anonymous_0)
FN:14,(anonymous_1)
FNF:2
FNH:2
FNDA:4,(anonymous_0)
FNDA:1,(anonymous_1)
DA:8,1
DA:10,4
DA:12,4
DA:14,4
DA:16,4
LF:5
LH:5
BRF:0
BRH:0
end_of_record
TN:
SF:src\components\Header\styles.js
FNF:0
FNH:0
DA:1,1
LF:1
LH:1
BRF:0
BRH:0
end_of_record
TN:
SF:src\context\Cart\CartContext.js
FNF:0
FNH:0
DA:3,2
LF:1
LH:1
BRF:0
BRH:0
end_of_record
TN:
SF:src\context\Cart\CartContextProvider.jsx
FN:4,(anonymous_0)
FNF:1
FNH:1
FNDA:3,(anonymous_0)
DA:4,1
DA:6,3
DA:8,3
LF:3
LH:3
BRF:0
BRH:0
end_of_record
TN:
SF:src\hooks\useCartContext.js
FN:4,(anonymous_0)
FNF:1
FNH:1
FNDA:7,(anonymous_0)
DA:4,2
DA:5,7
DA:6,6
DA:7,2
DA:9,4
LF:5
LH:5
BRDA:6,0,0,2
BRDA:6,0,1,4
BRF:2
BRH:2
end_of_record
TN:
SF:src\utils\capitalizeWords.js
FN:1,(anonymous_0)
FN:6,(anonymous_1)
FNF:2
FNH:2
FNDA:3,(anonymous_0)
FNDA:4,(anonymous_1)
DA:1,1
DA:2,3
DA:3,2
DA:6,4
LF:4
LH:4
BRDA:2,0,0,1
BRDA:2,0,1,2
BRF:2
BRH:2
end_of_record
TN:
SF:tests\mocks\fileMock.cjs
FNF:0
FNH:0
DA:1,1
LF:1
LH:1
BRF:0
BRH:0
end_of_record
